[debug] [2017-10-16T09:36:51.625Z] ----------------------------------------------------------------------
[debug] [2017-10-16T09:36:51.627Z] Command:       /usr/local/bin/node /usr/local/bin/firebase serve
[debug] [2017-10-16T09:36:51.627Z] CLI Version:   3.13.1
[debug] [2017-10-16T09:36:51.627Z] Platform:      linux
[debug] [2017-10-16T09:36:51.627Z] Node Version:  v8.0.0
[debug] [2017-10-16T09:36:51.627Z] Time:          Mon Oct 16 2017 11:36:51 GMT+0200 (CEST)
[debug] [2017-10-16T09:36:51.627Z] ----------------------------------------------------------------------
[debug] 
[debug] [2017-10-16T09:36:51.634Z] > command requires scopes: ["email","openid","https://www.googleapis.com/auth/cloudplatformprojects.readonly","https://www.googleapis.com/auth/firebase","https://www.googleapis.com/auth/cloud-platform"]
[debug] [2017-10-16T09:36:51.634Z] > authorizing via signed-in user
[debug] [2017-10-16T09:36:51.635Z] >>> HTTP REQUEST GET https://admin.firebase.com/v1/projects/studietid-2e729  
 Mon Oct 16 2017 11:36:51 GMT+0200 (CEST)
[debug] [2017-10-16T09:36:52.318Z] <<< HTTP RESPONSE 200
[debug] [2017-10-16T09:36:52.319Z] >>> HTTP REQUEST GET https://admin.firebase.com/v1/database/studietid-2e729/tokens  
 Mon Oct 16 2017 11:36:52 GMT+0200 (CEST)
[debug] [2017-10-16T09:36:52.932Z] <<< HTTP RESPONSE 200
[info] 
[info] === Serving from '/home/audun/studietid'...
[info] 
[debug] [2017-10-16T09:36:52.937Z] >>> HTTP REQUEST GET https://cloudresourcemanager.googleapis.com/v1/projects/studietid-2e729  
 Mon Oct 16 2017 11:36:52 GMT+0200 (CEST)
[debug] [2017-10-16T09:36:53.909Z] <<< HTTP RESPONSE 200
[debug] [2017-10-16T09:36:53.910Z] >>> HTTP REQUEST GET https://mobilesdk-pa.googleapis.com/v1/projects/361255069534/clients/_:getWebAppConfig  
 Mon Oct 16 2017 11:36:53 GMT+0200 (CEST)
[debug] [2017-10-16T09:36:54.618Z] <<< HTTP RESPONSE 200
[info] i  hosting: Serving hosting files from: public
[info] ✔  hosting: Local server: http://localhost:5000

